<?xml version="1.0" encoding="UTF-8"?>
<!-- Generated by org.testng.reporters.JUnitReportReporter -->
<testsuite hostname="DESKTOP-VKVMEGA" failures="0" tests="2" name="TestnG_17.Ps_3" time="0.015" errors="0" timestamp="2024-09-20T16:56:46 IST" skipped="0">
  <testcase classname="TestnG_17.Ps_3" name="cool" time="0.011"/>
  <testcase classname="TestnG_17.Ps_3" name="find" time="0.004"/>
</testsuite> <!-- TestnG_17.Ps_3 -->
