<?xml version="1.0" encoding="UTF-8"?>
<!-- Generated by org.testng.reporters.JUnitReportReporter -->
<testsuite hostname="DESKTOP-VKVMEGA" failures="0" tests="1" name="TestnG_16.Include_and_Exclude" time="0.015" errors="0" timestamp="2024-09-18T14:33:39 IST" skipped="0">
  <testcase classname="TestnG_16.Include_and_Exclude" name="carLoan" time="0.015"/>
</testsuite> <!-- TestnG_16.Include_and_Exclude -->
