<?xml version="1.0" encoding="UTF-8"?>
<!-- Generated by org.testng.reporters.JUnitReportReporter -->
<testsuite hostname="DESKTOP-VKVMEGA" failures="0" tests="1" name="TestnG_17.Frame_1" time="16.884" errors="0" timestamp="2024-09-24T22:25:15 IST" skipped="0">
  <testcase classname="TestnG_17.Frame_1" name="hi" time="16.884"/>
</testsuite> <!-- TestnG_17.Frame_1 -->
