<?xml version="1.0" encoding="UTF-8"?>
<!-- Generated by org.testng.reporters.JUnitReportReporter -->
<testsuite hostname="DESKTOP-VKVMEGA" failures="0" tests="3" name="TestnG_16.Parameterisation_Dataprovider" time="0.018" errors="0" timestamp="2024-09-19T16:26:34 IST" skipped="0">
  <testcase classname="TestnG_16.Parameterisation_Dataprovider" name="hi" time="0.014"/>
  <testcase classname="TestnG_16.Parameterisation_Dataprovider" name="hi" time="0.002"/>
  <testcase classname="TestnG_16.Parameterisation_Dataprovider" name="hi" time="0.002"/>
</testsuite> <!-- TestnG_16.Parameterisation_Dataprovider -->
