<?xml version="1.0" encoding="UTF-8"?>
<!-- Generated by org.testng.reporters.JUnitReportReporter -->
<testsuite hostname="DESKTOP-VKVMEGA" failures="0" tests="6" name="TestnG_16.Attributes" time="0.028" errors="0" timestamp="2024-09-18T15:46:18 IST" skipped="0">
  <testcase classname="TestnG_16.Attributes" name="hi1" time="0.014"/>
  <testcase classname="TestnG_16.Attributes" name="hi2" time="0.002"/>
  <testcase classname="TestnG_16.Attributes" name="hi5" time="0.003"/>
  <testcase classname="TestnG_16.Attributes" name="hi3" time="0.001"/>
  <testcase classname="TestnG_16.Attributes" name="hi4" time="0.001"/>
  <testcase classname="TestnG_16.Attributes" name="hi6" time="0.007"/>
</testsuite> <!-- TestnG_16.Attributes -->
