<?xml version="1.0" encoding="UTF-8"?>
<!-- Generated by org.testng.reporters.JUnitReportReporter -->
<testsuite hostname="DESKTOP-VKVMEGA" failures="0" tests="2" name="TestnG_17.Inheritance_inTestNG2" time="0.011" errors="0" timestamp="2024-09-20T16:14:05 IST" skipped="0">
  <testcase classname="TestnG_17.Inheritance_inTestNG2" name="hi2" time="0.009"/>
  <testcase classname="TestnG_17.Inheritance_inTestNG2" name="hlo" time="0.002"/>
</testsuite> <!-- TestnG_17.Inheritance_inTestNG2 -->
