<?xml version="1.0" encoding="UTF-8"?>
<!-- Generated by org.testng.reporters.JUnitReportReporter -->
<testsuite hostname="DESKTOP-VKVMEGA" failures="0" tests="2" name="TestnG_16.Parameterise_xml" time="0.010" errors="0" timestamp="2024-09-19T13:56:45 IST" skipped="0">
  <testcase classname="TestnG_16.Parameterise_xml" name="Hi" time="0.009"/>
  <testcase classname="TestnG_16.Parameterise_xml" name="go" time="0.001"/>
</testsuite> <!-- TestnG_16.Parameterise_xml -->
